2018-01-22 11:15:39,293 INFO o.a.j.u.JMeterUtils: Setting Locale to zh_CN
2018-01-22 11:15:39,304 INFO o.a.j.JMeter: Loading user properties from: user.properties
2018-01-22 11:15:39,314 INFO o.a.j.JMeter: Loading system properties from: system.properties
2018-01-22 11:15:39,328 INFO o.a.j.JMeter: Copyright (c) 1998-2017 The Apache Software Foundation
2018-01-22 11:15:39,329 INFO o.a.j.JMeter: Version 3.3 r1808647
2018-01-22 11:15:39,329 INFO o.a.j.JMeter: java.version=1.8.0_151
2018-01-22 11:15:39,329 INFO o.a.j.JMeter: java.vm.name=Java HotSpot(TM) 64-Bit Server VM
2018-01-22 11:15:39,329 INFO o.a.j.JMeter: os.name=Mac OS X
2018-01-22 11:15:39,329 INFO o.a.j.JMeter: os.arch=x86_64
2018-01-22 11:15:39,329 INFO o.a.j.JMeter: os.version=10.13.2
2018-01-22 11:15:39,329 INFO o.a.j.JMeter: file.encoding=UTF-8
2018-01-22 11:15:39,329 INFO o.a.j.JMeter: Max memory     =536870912
2018-01-22 11:15:39,329 INFO o.a.j.JMeter: Available Processors =4
2018-01-22 11:15:39,335 INFO o.a.j.JMeter: Default Locale=中文 (中国)
2018-01-22 11:15:39,335 INFO o.a.j.JMeter: JMeter  Locale=中文 (中国)
2018-01-22 11:15:39,335 INFO o.a.j.JMeter: JMeterHome=/Users/abigale/Desktop/jmeter/apache-jmeter-3.3
2018-01-22 11:15:39,335 INFO o.a.j.JMeter: user.dir  =/Users/abigale/Desktop/jmeter/apache-jmeter-3.3/bin
2018-01-22 11:15:39,335 INFO o.a.j.JMeter: PWD       =/Users/abigale/Desktop/jmeter/apache-jmeter-3.3/bin
2018-01-22 11:15:39,372 INFO o.a.j.JMeter: IP: 192.168.2.231 Name: niutangdeiMac.local FullName: 192.168.2.231
2018-01-22 11:15:39,374 INFO o.a.j.s.FileServer: Default base='/Users/abigale/Desktop/jmeter/apache-jmeter-3.3/bin'
2018-01-22 11:15:39,374 INFO o.a.j.s.FileServer: Set new base='/Users/abigale/Desktop/jmeter/scripts'
2018-01-22 11:15:39,510 INFO o.a.j.s.SaveService: Testplan (JMX) version: 2.2. Testlog (JTL) version: 2.2
2018-01-22 11:15:39,530 INFO o.a.j.s.SaveService: Using SaveService properties file encoding UTF-8
2018-01-22 11:15:39,534 INFO o.a.j.s.SaveService: Using SaveService properties version 3.2
2018-01-22 11:15:39,549 INFO o.a.j.s.SaveService: Loading file: /Users/abigale/Desktop/jmeter/scripts/NutownAR.jmx
2018-01-22 11:15:39,609 INFO o.a.j.p.h.s.HTTPSamplerBase: Parser for text/html is org.apache.jmeter.protocol.http.parser.LagartoBasedHtmlParser
2018-01-22 11:15:39,609 INFO o.a.j.p.h.s.HTTPSamplerBase: Parser for application/xhtml+xml is org.apache.jmeter.protocol.http.parser.LagartoBasedHtmlParser
2018-01-22 11:15:39,609 INFO o.a.j.p.h.s.HTTPSamplerBase: Parser for application/xml is org.apache.jmeter.protocol.http.parser.LagartoBasedHtmlParser
2018-01-22 11:15:39,609 INFO o.a.j.p.h.s.HTTPSamplerBase: Parser for text/xml is org.apache.jmeter.protocol.http.parser.LagartoBasedHtmlParser
2018-01-22 11:15:39,609 INFO o.a.j.p.h.s.HTTPSamplerBase: Parser for text/vnd.wap.wml is org.apache.jmeter.protocol.http.parser.RegexpHTMLParser
2018-01-22 11:15:39,609 INFO o.a.j.p.h.s.HTTPSamplerBase: Parser for text/css is org.apache.jmeter.protocol.http.parser.CssParser
2018-01-22 11:15:39,644 INFO o.a.j.JMeter: Creating summariser <summary>
2018-01-22 11:15:39,649 INFO o.a.j.e.StandardJMeterEngine: Running the test!
2018-01-22 11:15:39,650 INFO o.a.j.s.SampleEvent: List of sample_variables: []
2018-01-22 11:15:39,650 INFO o.a.j.s.SampleEvent: List of sample_variables: []
2018-01-22 11:15:39,654 INFO o.a.j.e.u.CompoundVariable: Note: Function class names must contain the string: '.functions.'
2018-01-22 11:15:39,654 INFO o.a.j.e.u.CompoundVariable: Note: Function class names must not contain the string: '.gui.'
